


CustomMaterialManager: Cached KeyValues materials/models/weapons/v_models/knife_butterfly/knife_butterfly.vmt.
CustomMaterialManager: Cached KeyValues materials/models/weapons/v_models/knife_bayonet/knife_bayonet.vmt.
CustomMaterialManager: Cached KeyValues materials/models/weapons/v_models/knife_ct/knife_ct.vmt.
CustomMaterialManager: Cached KeyValues materials/models/weapons/v_models/knife_flip/knife_flip.vmt.
CustomMaterialManager: Cached KeyValues materials/models/weapons/v_models/knife_gut/knife_gut.vmt.
CustomMaterialManager: Cached KeyValues materials/models/weapons/v_models/knife_karam/karam.vmt.
CustomMaterialManager: Cached KeyValues materials/models/weapons/v_models/knife_m9_bay/knife_m9_bay.vmt.
CustomMaterialManager: Cached KeyValues materials/models/weapons/v_models/knife_t/knife_t.vmt.
CustomMaterialManager: Cached KeyValues materials/models/weapons/v_models/knife_tactical/knife_tactical.vmt.
CustomMaterialManager: Cached KeyValues materials/models/weapons/v_models/mach_m249para/m249.vmt.
CustomMaterialManager: Cached KeyValues materials/models/weapons/v_models/mach_negev/mach_negev.vmt.
CustomMaterialManager: Cached KeyValues materials/models/weapons/v_models/pist_223/pist_223.vmt.
CustomMaterialManager: Cached KeyValues materials/models/weapons/v_models/pist_cz_75/pist_cz_75.vmt.
CustomMaterialManager: Cached KeyValues materials/models/weapons/v_models/pist_deagle/pist_deagle.vmt.
CustomMaterialManager: Cached KeyValues materials/models/weapons/v_models/pist_elite/m9a1.vmt.
CustomMaterialManager: Cached KeyValues materials/models/weapons/v_models/pist_fiveseven/fiveseven.vmt.
CustomMaterialManager: Cached KeyValues materials/models/weapons/v_models/pist_glock18/pist_glock18.vmt.
CustomMaterialManager: Cached KeyValues materials/models/weapons/v_models/pist_hkp2000/pist_hkp2000.vmt.
CustomMaterialManager: Cached KeyValues materials/models/weapons/v_models/pist_p250/p250.vmt.
CustomMaterialManager: Cached KeyValues materials/models/weapons/v_models/pist_tec9/pist_tec9.vmt.
CustomMaterialManager: Cached KeyValues materials/models/weapons/v_models/rif_ak47/ak47.vmt.
CustomMaterialManager: Cached KeyValues materials/models/weapons/v_models/rif_aug/rif_aug.vmt.
CustomMaterialManager: Cached KeyValues materials/models/weapons/v_models/rif_famas/rif_famas.vmt.
CustomMaterialManager: Cached KeyValues materials/models/weapons/v_models/rif_galilar/rif_galilar.vmt.
CustomMaterialManager: Cached KeyValues materials/models/weapons/v_models/rif_m4a1/rif_m4a1.vmt.
CustomMaterialManager: Cached KeyValues materials/models/weapons/v_models/rif_m4a1_s/rif_m4a1_s.vmt.
CustomMaterialManager: Cached KeyValues materials/models/weapons/v_models/rif_sg556/rif_sg556.vmt.
CustomMaterialManager: Cached KeyValues materials/models/weapons/v_models/shot_mag7/shot_mag7.vmt.
CustomMaterialManager: Cached KeyValues materials/models/weapons/v_models/shot_nova/shot_nova.vmt.
CustomMaterialManager: Cached KeyValues materials/models/weapons/v_models/shot_sawedoff/shot_sawedoff_01.vmt.
CustomMaterialManager: Cached KeyValues materials/models/weapons/v_models/shot_xm1014/shot_xm1014.vmt.
CustomMaterialManager: Cached KeyValues materials/models/weapons/v_models/smg_bizon/bizon.vmt.
CustomMaterialManager: Cached KeyValues materials/models/weapons/v_models/smg_mac10/smg_mac10_1.vmt.
CustomMaterialManager: Cached KeyValues materials/models/weapons/v_models/smg_mp7/smg_mp7.vmt.
CustomMaterialManager: Cached KeyValues materials/models/weapons/v_models/smg_mp9/smg_mp9.vmt.
CustomMaterialManager: Cached KeyValues materials/models/weapons/v_models/smg_p90/smg_p90.vmt.
CustomMaterialManager: Cached KeyValues materials/models/weapons/v_models/smg_ump45/smg_ump45.vmt.
CustomMaterialManager: Cached KeyValues materials/models/weapons/v_models/snip_awp/awp.vmt.
CustomMaterialManager: Cached KeyValues materials/models/weapons/v_models/snip_g3sg1/snip_g3sg1.vmt.
CustomMaterialManager: Cached KeyValues materials/models/weapons/v_models/snip_scar20/snip_scar20.vmt.
CustomMaterialManager: Cached KeyValues materials/models/weapons/v_models/snip_ssg08/snip_ssg08.vmt.
CustomMaterialManager: Cached KeyValues materials/models/weapons/v_models/snip_ssg08/snip_ssg08_scope.vmt.
CustomMaterialManager: Cached KeyValues materials/models/weapons/v_models/knife_falchion_advanced/knife_falchion_advanced.vmt.
materialPath: E:\Spill\SteamLibrary\steamapps\common\Counter-Strike Global Offensive\csgo\materials
Loading E:\Spill\CS-GO-Maps-Git\de_steal\de_steal.vmf
Map revision 87
fixing up env_cubemap materials on brush sides...
0...1...2...3...4...5...6...7...8...9...100...1...2...3...4...5...6...7...8...9...10Processing areas...done (0)
Building Faces...done (0)
Chop Details...done (0)
Find Visible Detail Sides...done (0)
Merging details...done (0)
FixTjuncs...
PruneNodes...
WriteBSP...
done (0)
writing E:\Spill\CS-GO-Maps-Git\de_steal\de_steal.prt...Building visibility clusters...
done (0)
Finding displacement neighbors...
Finding lightmap sample positions...
Displacement Alpha : 0...1...2...3...4...5...6...7...8...9...10
Building Physics collision data...
done (1) (246094 bytes)
Placing detail props : 0...1...2...3...4...5...6...7...8...9...10
Water found with no water_lod_control entity, creating a default one.
Compacting texture/material tables...
Reduced 350 texinfos to 244
Reduced 16 texdatas to 12 (425 bytes to 279)
Writing E:\Spill\CS-GO-Maps-Git\de_steal\de_steal.bsp
3 seconds elapsed



4 threads
reading e:\spill\cs-go-maps-git\de_steal\de_steal.bsp
reading e:\spill\cs-go-maps-git\de_steal\de_steal.prt
1249 portalclusters
4232 numportals
0...1...2...3...4...5...6...7...8...9...100...1...


CustomMaterialManager: Cached KeyValues materials/models/weapons/v_models/knife_butterfly/knife_butterfly.vmt.
CustomMaterialManager: Cached KeyValues materials/models/weapons/v_models/knife_bayonet/knife_bayonet.vmt.
CustomMaterialManager: Cached KeyValues materials/models/weapons/v_models/knife_ct/knife_ct.vmt.
CustomMaterialManager: Cached KeyValues materials/models/weapons/v_models/knife_flip/knife_flip.vmt.
CustomMaterialManager: Cached KeyValues materials/models/weapons/v_models/knife_gut/knife_gut.vmt.
CustomMaterialManager: Cached KeyValues materials/models/weapons/v_models/knife_karam/karam.vmt.
CustomMaterialManager: Cached KeyValues materials/models/weapons/v_models/knife_m9_bay/knife_m9_bay.vmt.
CustomMaterialManager: Cached KeyValues materials/models/weapons/v_models/knife_t/knife_t.vmt.
CustomMaterialManager: Cached KeyValues materials/models/weapons/v_models/knife_tactical/knife_tactical.vmt.
CustomMaterialManager: Cached KeyValues materials/models/weapons/v_models/mach_m249para/m249.vmt.
CustomMaterialManager: Cached KeyValues materials/models/weapons/v_models/mach_negev/mach_negev.vmt.
CustomMaterialManager: Cached KeyValues materials/models/weapons/v_models/pist_223/pist_223.vmt.
CustomMaterialManager: Cached KeyValues materials/models/weapons/v_models/pist_cz_75/pist_cz_75.vmt.
CustomMaterialManager: Cached KeyValues materials/models/weapons/v_models/pist_deagle/pist_deagle.vmt.
CustomMaterialManager: Cached KeyValues materials/models/weapons/v_models/pist_elite/m9a1.vmt.
CustomMaterialManager: Cached KeyValues materials/models/weapons/v_models/pist_fiveseven/fiveseven.vmt.
CustomMaterialManager: Cached KeyValues materials/models/weapons/v_models/pist_glock18/pist_glock18.vmt.
CustomMaterialManager: Cached KeyValues materials/models/weapons/v_models/pist_hkp2000/pist_hkp2000.vmt.
CustomMaterialManager: Cached KeyValues materials/models/weapons/v_models/pist_p250/p250.vmt.
CustomMaterialManager: Cached KeyValues materials/models/weapons/v_models/pist_tec9/pist_tec9.vmt.
CustomMaterialManager: Cached KeyValues materials/models/weapons/v_models/rif_ak47/ak47.vmt.
CustomMaterialManager: Cached KeyValues materials/models/weapons/v_models/rif_aug/rif_aug.vmt.
CustomMaterialManager: Cached KeyValues materials/models/weapons/v_models/rif_famas/rif_famas.vmt.
CustomMaterialManager: Cached KeyValues materials/models/weapons/v_models/rif_galilar/rif_galilar.vmt.
CustomMaterialManager: Cached KeyValues materials/models/weapons/v_models/rif_m4a1/rif_m4a1.vmt.
CustomMaterialManager: Cached KeyValues materials/models/weapons/v_models/rif_m4a1_s/rif_m4a1_s.vmt.
CustomMaterialManager: Cached KeyValues materials/models/weapons/v_models/rif_sg556/rif_sg556.vmt.
CustomMaterialManager: Cached KeyValues materials/models/weapons/v_models/shot_mag7/shot_mag7.vmt.
CustomMaterialManager: Cached KeyValues materials/models/weapons/v_models/shot_nova/shot_nova.vmt.
CustomMaterialManager: Cached KeyValues materials/models/weapons/v_models/shot_sawedoff/shot_sawedoff_01.vmt.
CustomMaterialManager: Cached KeyValues materials/models/weapons/v_models/shot_xm1014/shot_xm1014.vmt.
CustomMaterialManager: Cached KeyValues materials/models/weapons/v_models/smg_bizon/bizon.vmt.
CustomMaterialManager: Cached KeyValues materials/models/weapons/v_models/smg_mac10/smg_mac10_1.vmt.
CustomMaterialManager: Cached KeyValues materials/models/weapons/v_models/smg_mp7/smg_mp7.vmt.
CustomMaterialManager: Cached KeyValues materials/models/weapons/v_models/smg_mp9/smg_mp9.vmt.
CustomMaterialManager: Cached KeyValues materials/models/weapons/v_models/smg_p90/smg_p90.vmt.
CustomMaterialManager: Cached KeyValues materials/models/weapons/v_models/smg_ump45/smg_ump45.vmt.
CustomMaterialManager: Cached KeyValues materials/models/weapons/v_models/snip_awp/awp.vmt.
CustomMaterialManager: Cached KeyValues materials/models/weapons/v_models/snip_g3sg1/snip_g3sg1.vmt.
CustomMaterialManager: Cached KeyValues materials/models/weapons/v_models/snip_scar20/snip_scar20.vmt.
CustomMaterialManager: Cached KeyValues materials/models/weapons/v_models/snip_ssg08/snip_ssg08.vmt.
CustomMaterialManager: Cached KeyValues materials/models/weapons/v_models/snip_ssg08/snip_ssg08_scope.vmt.
CustomMaterialManager: Cached KeyValues materials/models/weapons/v_models/knife_falchion_advanced/knife_falchion_advanced.vmt.
materialPath: E:\Spill\SteamLibrary\steamapps\common\Counter-Strike Global Offensive\csgo\materials
Loading E:\Spill\CS-GO-Maps-Git\de_steal\de_steal.vmf
Map revision 88
fixing up env_cubemap materials on brush sides...
0...1...2...3...4...5...6...7...8...9...100...1...2...3...4...5...6...7...8...9...10Processing areas...done (0)
Building Faces...done (0)
Chop Details...done (0)
Find Visible Detail Sides...done (0)
Merging details...done (0)
FixTjuncs...
PruneNodes...
WriteBSP...
done (0)
writing E:\Spill\CS-GO-Maps-Git\de_steal\de_steal.prt...Building visibility clusters...
done (0)
Finding displacement neighbors...
Finding lightmap sample positions...
Displacement Alpha : 0...1...2...3...4...5...6...7...8...9...10
Building Physics collision data...
done (0) (246470 bytes)
Placing detail props : 0...1...2...3...4...5...6...7...8...9...10
Water found with no water_lod_control entity, creating a default one.
Compacting texture/material tables...
Reduced 353 texinfos to 247
Reduced 16 texdatas to 12 (425 bytes to 279)
Writing E:\Spill\CS-GO-Maps-Git\de_steal\de_steal.bsp
3 seconds elapsed



4 threads
reading e:\spill\cs-go-maps-git\de_steal\de_steal.bsp
reading e:\spill\cs-go-maps-git\de_steal\de_steal.prt
1252 portalclusters
4243 numportals
0...1...2...3...4...5...6...7...8...9...10Optimized: 97692 visible clusters (0.00%)
Total clusters visible: 1202929
Average clusters visible: 960
Building PAS...
Average clusters audible: 1251
visdatasize:398725  compressed from 400640
writing e:\spill\cs-go-maps-git\de_steal\de_steal.bsp
3 seconds elapsed



[Reading texlights from 'lights.rad']
[2 texlights parsed from 'lights.rad']

Loading e:\spill\cs-go-maps-git\de_steal\de_steal.bsp
3707 faces
667505 square feet [96120760.00 square inches]
0 Displacements
0 Square Feet [0.00 Square Inches]
3707 patches before subdivision
44169 patches after subdivision
27 direct lights
0...1...2...3...4...5...6.. warning - face vectors parallel to face normal. bad lighting will be produced
 warning - face vectors parallel to face normal. bad lighting will be produced
.7...8...9...100...1...2...3...4...5...6...7...8...9...10transfers 2376202, max 850
transfer lists:  18.1 megs
0...1...2...3...4...5...6...7...8...9...10	Bounce #1 added RGB(401964, 112443, 24540)
0...1...2...3...4...5...6...7...8...9...10	Bounce #2 added RGB(121553, 11463, 628)
0...1...2...3...4...5...6...7...8...9...10	Bounce #3 added RGB(42642, 1300, 38)
0...1...2...3...4...5...6...7...8...9...10	Bounce #4 added RGB(15496, 153, 3)
0...1...2...3...4...5...6...7...8...9...10	Bounce #5 added RGB(5998, 19, 0)
0...1...2...3...4...5...6...7...8...9...10	Bounce #6 added RGB(2349, 2, 0)
0...1...2...3...4...5...6...7...8...9...10	Bounce #7 added RGB(964, 0, 0)
0...1...2...3...4...5...6...7...8...9...10	Bounce #8 added RGB(394, 0, 0)
0...1...2...3...4...5...6...7...8...9...10	Bounce #9 added RGB(171, 0, 0)
0...1...2...3...4...5...6...7...8...9...10	Bounce #10 added RGB(72, 0, 0)
0...1...2...3...4...5...6...7...8...9...10	Bounce #11 added RGB(33, 0, 0)
0...1...2...3...4...5...6...7...8...9...10	Bounce #12 added RGB(14, 0, 0)
0...1...2...3...4...5...6...7...8...9...10	Bounce #13 added RGB(7, 0, 0)
0...1...2...3...4...5...6...7...8...9...10	Bounce #14 added RGB(3, 0, 0)
0...1...2...3...4...5...6...7...8...9...10	Bounce #15 added RGB(2, 0, 0)
0...1...2...3...4...5...6...7...8...9...10	Bounce #16 added RGB(1, 0, 0)
Build Patch/Sample Hash Table(s).....Done<0.0221 sec>
0...1...2...3...4...5...6.. warning - face vectors parallel to face normal. bad lighting will be produced
 warning - face vectors parallel to face normal. bad lighting will be produced
 warning - face vectors parallel to face normal. bad lighting will be produced
SampleRadial: Punting, Waiting for fix
 warning - face vectors parallel to face normal. bad lighting will be produced
 warning - face vectors parallel to face normal. bad lighting will be produced
 warning - face vectors parallel to face normal. bad lighting will be produced
.7...8...9...10FinalLightFace Done
0 of 0 (0% of) surface lights went in leaf ambient cubes.
0...1...2...3...4...5...6...7...8...9...10Writing leaf ambient...done
Ready to Finish

Object names       Objects/Maxobjs  Memory / Maxmem  Fullness 
------------       ---------------  ---------------  -------- 
models                   7/1024          336/49152    ( 0.7%) 
brushes                665/8192         7980/98304    ( 8.1%) 
brushsides            5715/65536       45720/524288   ( 8.7%) 
planes                3114/65536       62280/1310720  ( 4.8%) 
vertexes              4558/65536       54696/786432   ( 7.0%) 
nodes                 2390/65536       76480/2097152  ( 3.6%) 
texinfos               247/12288       17784/884736   ( 2.0%) 
texdata                 12/2048          384/65536    ( 0.6%) 
dispinfos                0/0               0/0        ( 0.0%) 
disp_verts               0/0               0/0        ( 0.0%) 
disp_tris                0/0               0/0        ( 0.0%) 
disp_multiblend          0/0               0/0        ( 0.0%) 
disp_lmsamples           0/0               0/0        ( 0.0%) 
faces                 3707/65536      207592/3670016  ( 5.7%) 
hdr faces                0/65536           0/3670016  ( 0.0%) 
origfaces             2399/65536      134344/3670016  ( 3.7%) 
facebrushes            885/0            1770/0        ( 0.0%) 
facebrushlists        3707/0           14828/0        ( 0.0%) 
leaves                2398/65536       76736/2097152  ( 3.7%) 
leaffaces             4344/65536        8688/131072   ( 6.6%) 
leafbrushes           1759/65536        3518/131072   ( 2.7%) 
areas                    2/1024           16/8192     ( 0.2%) 
surfedges            26881/512000     107524/2048000  ( 5.3%) 
edges                14529/256000      58116/1024000  ( 5.7%) 
LDR worldlights         27/8192         2700/819200   ( 0.3%) 
HDR worldlights          0/8192            0/819200   ( 0.0%) 
leafwaterdata            1/32768          12/393216   ( 0.0%) 
waterstrips            283/32768        2830/327680   ( 0.9%) 
waterverts               0/65536           0/786432   ( 0.0%) 
waterindices          4146/65536        8292/131072   ( 6.3%) 
cubemapsamples           0/1024            0/16384    ( 0.0%) 
overlays                 2/1024          704/360448   ( 0.2%) 
LDR lightdata         [variable]     1020057/0        ( 0.0%) 
HDR lightdata         [variable]           0/0        ( 0.0%) 
visdata               [variable]      398725/16777216 ( 2.4%) 
entdata               [variable]       13669/393216   ( 3.5%) 
LDR ambient table     2398/65536        9592/262144   ( 3.7%) 
HDR ambient table     2398/65536        9592/262144   ( 3.7%) 
LDR leaf ambient     13565/65536      379820/1835008  (20.7%) 
HDR leaf ambient      2398/65536       67144/1835008  ( 3.7%) 
occluders                0/0               0/0        ( 0.0%) 
occluder polygons        0/0               0/0        ( 0.0%) 
occluder vert ind        0/0               0/0        ( 0.0%) 
detail props          [variable]           1/12       ( 8.3%) 
static props          [variable]           1/7300     ( 0.0%) 
pakfile               [variable]      149448/0        ( 0.0%) 
physics               [variable]      246470/4194304  ( 5.9%) 
physics terrain       [variable]           2/1048576  ( 0.0%) 

Level flags = 4

Total triangle count: 9871
Writing e:\spill\cs-go-maps-git\de_steal\de_steal.bsp
1 minute, 24 seconds elapsed



CustomMaterialManager: Cached KeyValues materials/models/weapons/v_models/knife_butterfly/knife_butterfly.vmt.
CustomMaterialManager: Cached KeyValues materials/models/weapons/v_models/knife_bayonet/knife_bayonet.vmt.
CustomMaterialManager: Cached KeyValues materials/models/weapons/v_models/knife_ct/knife_ct.vmt.
CustomMaterialManager: Cached KeyValues materials/models/weapons/v_models/knife_flip/knife_flip.vmt.
CustomMaterialManager: Cached KeyValues materials/models/weapons/v_models/knife_gut/knife_gut.vmt.
CustomMaterialManager: Cached KeyValues materials/models/weapons/v_models/knife_karam/karam.vmt.
CustomMaterialManager: Cached KeyValues materials/models/weapons/v_models/knife_m9_bay/knife_m9_bay.vmt.
CustomMaterialManager: Cached KeyValues materials/models/weapons/v_models/knife_t/knife_t.vmt.
CustomMaterialManager: Cached KeyValues materials/models/weapons/v_models/knife_tactical/knife_tactical.vmt.
CustomMaterialManager: Cached KeyValues materials/models/weapons/v_models/mach_m249para/m249.vmt.
CustomMaterialManager: Cached KeyValues materials/models/weapons/v_models/mach_negev/mach_negev.vmt.
CustomMaterialManager: Cached KeyValues materials/models/weapons/v_models/pist_223/pist_223.vmt.
CustomMaterialManager: Cached KeyValues materials/models/weapons/v_models/pist_cz_75/pist_cz_75.vmt.
CustomMaterialManager: Cached KeyValues materials/models/weapons/v_models/pist_deagle/pist_deagle.vmt.
CustomMaterialManager: Cached KeyValues materials/models/weapons/v_models/pist_elite/m9a1.vmt.
CustomMaterialManager: Cached KeyValues materials/models/weapons/v_models/pist_fiveseven/fiveseven.vmt.
CustomMaterialManager: Cached KeyValues materials/models/weapons/v_models/pist_glock18/pist_glock18.vmt.
CustomMaterialManager: Cached KeyValues materials/models/weapons/v_models/pist_hkp2000/pist_hkp2000.vmt.
CustomMaterialManager: Cached KeyValues materials/models/weapons/v_models/pist_p250/p250.vmt.
CustomMaterialManager: Cached KeyValues materials/models/weapons/v_models/pist_tec9/pist_tec9.vmt.
CustomMaterialManager: Cached KeyValues materials/models/weapons/v_models/rif_ak47/ak47.vmt.
CustomMaterialManager: Cached KeyValues materials/models/weapons/v_models/rif_aug/rif_aug.vmt.
CustomMaterialManager: Cached KeyValues materials/models/weapons/v_models/rif_famas/rif_famas.vmt.
CustomMaterialManager: Cached KeyValues materials/models/weapons/v_models/rif_galilar/rif_galilar.vmt.
CustomMaterialManager: Cached KeyValues materials/models/weapons/v_models/rif_m4a1/rif_m4a1.vmt.
CustomMaterialManager: Cached KeyValues materials/models/weapons/v_models/rif_m4a1_s/rif_m4a1_s.vmt.
CustomMaterialManager: Cached KeyValues materials/models/weapons/v_models/rif_sg556/rif_sg556.vmt.
CustomMaterialManager: Cached KeyValues materials/models/weapons/v_models/shot_mag7/shot_mag7.vmt.
CustomMaterialManager: Cached KeyValues materials/models/weapons/v_models/shot_nova/shot_nova.vmt.
CustomMaterialManager: Cached KeyValues materials/models/weapons/v_models/shot_sawedoff/shot_sawedoff_01.vmt.
CustomMaterialManager: Cached KeyValues materials/models/weapons/v_models/shot_xm1014/shot_xm1014.vmt.
CustomMaterialManager: Cached KeyValues materials/models/weapons/v_models/smg_bizon/bizon.vmt.
CustomMaterialManager: Cached KeyValues materials/models/weapons/v_models/smg_mac10/smg_mac10_1.vmt.
CustomMaterialManager: Cached KeyValues materials/models/weapons/v_models/smg_mp7/smg_mp7.vmt.
CustomMaterialManager: Cached KeyValues materials/models/weapons/v_models/smg_mp9/smg_mp9.vmt.
CustomMaterialManager: Cached KeyValues materials/models/weapons/v_models/smg_p90/smg_p90.vmt.
CustomMaterialManager: Cached KeyValues materials/models/weapons/v_models/smg_ump45/smg_ump45.vmt.
CustomMaterialManager: Cached KeyValues materials/models/weapons/v_models/snip_awp/awp.vmt.
CustomMaterialManager: Cached KeyValues materials/models/weapons/v_models/snip_g3sg1/snip_g3sg1.vmt.
CustomMaterialManager: Cached KeyValues materials/models/weapons/v_models/snip_scar20/snip_scar20.vmt.
CustomMaterialManager: Cached KeyValues materials/models/weapons/v_models/snip_ssg08/snip_ssg08.vmt.
CustomMaterialManager: Cached KeyValues materials/models/weapons/v_models/snip_ssg08/snip_ssg08_scope.vmt.
CustomMaterialManager: Cached KeyValues materials/models/weapons/v_models/knife_falchion_advanced/knife_falchion_advanced.vmt.
materialPath: E:\Spill\SteamLibrary\steamapps\common\Counter-Strike Global Offensive\csgo\materials
Loading E:\Spill\CS-GO-Maps-Git\de_steal\de_steal.vmf
Map revision 89
fixing up env_cubemap materials on brush sides...
0...1...2...3...4...5...6...7...8...9...100...1...2...3...4...5...6...7...8...9...10Processing areas...done (0)
Building Faces...done (0)
Chop Details...done (0)
Find Visible Detail Sides...done (0)
Merging details...done (0)
FixTjuncs...
PruneNodes...
WriteBSP...
done (0)
writing E:\Spill\CS-GO-Maps-Git\de_steal\de_steal.prt...Building visibility clusters...
done (0)
Finding displacement neighbors...
Finding lightmap sample positions...
Displacement Alpha : 0...1...2...3...4...5...6...7...8...9...10
Building Physics collision data...
done (0) (255710 bytes)
Placing detail props : 0...1...2...3...4...5...6...7...8...9...10
Water found with no water_lod_control entity, creating a default one.
Compacting texture/material tables...
Reduced 385 texinfos to 273
Reduced 16 texdatas to 12 (425 bytes to 279)
Writing E:\Spill\CS-GO-Maps-Git\de_steal\de_steal.bsp
2 seconds elapsed



4 threads
reading e:\spill\cs-go-maps-git\de_steal\de_steal.bsp
reading e:\spill\cs-go-maps-git\de_steal\de_steal.prt
1263 portalclusters
4294 numportals
0...1...2...3...4...5...6...7...8...9...10Optimized: 92960 visible clusters (0.00%)
Total clusters visible: 1237290
Average clusters visible: 979
Building PAS...
Average clusters audible: 1262
visdatasize:404329  compressed from 404160
writing e:\spill\cs-go-maps-git\de_steal\de_steal.bsp
1 second elapsed



[Reading texlights from 'lights.rad']
[2 texlights parsed from 'lights.rad']

Loading e:\spill\cs-go-maps-git\de_steal\de_steal.bsp
3833 faces
668734 square feet [96297752.00 square inches]
0 Displacements
0 Square Feet [0.00 Square Inches]
3833 patches before subdivision
44475 patches after subdivision
29 direct lights
0...1...2...3...4...5...6.. warning - face vectors parallel to face normal. bad lighting will be produced
 warning - face vectors parallel to face normal. bad lighting will be produced
.7...8...9...100...1...2...3...4...5...6...7...8...9...10transfers 2415131, max 881
transfer lists:  18.4 megs
0...1...2...3...4...5...6...7...8...9...10	Bounce #1 added RGB(402865, 112892, 24840)
0...1...2...3...4...5...6...7...8...9...10	Bounce #2 added RGB(121332, 11475, 645)
0...1...2...3...4...5...6...7...8...9...10	Bounce #3 added RGB(42474, 1298, 39)
0...1...2...3...4...5...6...7...8...9...10	Bounce #4 added RGB(15473, 153, 3)
0...1...2...3...4...5...6...7...8...9...10	Bounce #5 added RGB(5976, 19, 0)
0...1...2...3...4...5...6...7...8...9...10	Bounce #6 added RGB(2347, 2, 0)
0...1...2...3...4...5...6...7...8...9...10	Bounce #7 added RGB(956, 0, 0)
0...1...2...3...4...5...6...7...8...9...10	Bounce #8 added RGB(392, 0, 0)
0...1...2...3...4...5...6...7...8...9...10	Bounce #9 added RGB(167, 0, 0)
0...1...2...3...4...5...6...7...8...9...10	Bounce #10 added RGB(71, 0, 0)
0...1...2...3...4...5...6...7...8...9...10	Bounce #11 added RGB(31, 0, 0)
0...1...2...3...4...5...6...7...8...9...10	Bounce #12 added RGB(14, 0, 0)
0...1...2...3...4...5...6...7...8...9...10	Bounce #13 added RGB(7, 0, 0)
0...1...2...3...4...5...6...7...8...9...10	Bounce #14 added RGB(3, 0, 0)
0...1...2...3...4...5...6...7...8...9...10	Bounce #15 added RGB(2, 0, 0)
0...1...2...3...4...5...6...7...8...9...10	Bounce #16 added RGB(1, 0, 0)
Build Patch/Sample Hash Table(s).....Done<0.0263 sec>
0...1...2...3...4...5...6.. warning - face vectors parallel to face normal. bad lighting will be produced
 warning - face vectors parallel to face normal. bad lighting will be produced
 warning - face vectors parallel to face normal. bad lighting will be produced
SampleRadial: Punting, Waiting for fix
 warning - face vectors parallel to face normal. bad lighting will be produced
 warning - face vectors parallel to face normal. bad lighting will be produced
 warning - face vectors parallel to face normal. bad lighting will be produced
.7...8...9...10FinalLightFace Done
0 of 0 (0% of) surface lights went in leaf ambient cubes.
0...1...2...3...4...5...6...7...8...9...10Writing leaf ambient...done
Ready to Finish

Object names       Objects/Maxobjs  Memory / Maxmem  Fullness 
------------       ---------------  ---------------  -------- 
models                   7/1024          336/49152    ( 0.7%) 
brushes                688/8192         8256/98304    ( 8.4%) 
brushsides            6102/65536       48816/524288   ( 9.3%) 
planes                3438/65536       68760/1310720  ( 5.2%) 
vertexes              4695/65536       56340/786432   ( 7.2%) 
nodes                 2435/65536       77920/2097152  ( 3.7%) 
texinfos               273/12288       19656/884736   ( 2.2%) 
texdata                 12/2048          384/65536    ( 0.6%) 
dispinfos                0/0               0/0        ( 0.0%) 
disp_verts               0/0               0/0        ( 0.0%) 
disp_tris                0/0               0/0        ( 0.0%) 
disp_multiblend          0/0               0/0        ( 0.0%) 
disp_lmsamples           0/0               0/0        ( 0.0%) 
faces                 3833/65536      214648/3670016  ( 5.8%) 
hdr faces                0/65536           0/3670016  ( 0.0%) 
origfaces             2471/65536      138376/3670016  ( 3.8%) 
facebrushes            899/0            1798/0        ( 0.0%) 
facebrushlists        3833/0           15332/0        ( 0.0%) 
leaves                2443/65536       78176/2097152  ( 3.7%) 
leaffaces             4482/65536        8964/131072   ( 6.8%) 
leafbrushes           1857/65536        3714/131072   ( 2.8%) 
areas                    2/1024           16/8192     ( 0.2%) 
surfedges            27756/512000     111024/2048000  ( 5.4%) 
edges                14983/256000      59932/1024000  ( 5.9%) 
LDR worldlights         29/8192         2900/819200   ( 0.4%) 
HDR worldlights          0/8192            0/819200   ( 0.0%) 
leafwaterdata            1/32768          12/393216   ( 0.0%) 
waterstrips            289/32768        2890/327680   ( 0.9%) 
waterverts               0/65536           0/786432   ( 0.0%) 
waterindices          4239/65536        8478/131072   ( 6.5%) 
cubemapsamples           0/1024            0/16384    ( 0.0%) 
overlays                 2/1024          704/360448   ( 0.2%) 
LDR lightdata         [variable]     1035848/0        ( 0.0%) 
HDR lightdata         [variable]           0/0        ( 0.0%) 
visdata               [variable]      404329/16777216 ( 2.4%) 
entdata               [variable]       14175/393216   ( 3.6%) 
LDR ambient table     2443/65536        9772/262144   ( 3.7%) 
HDR ambient table     2443/65536        9772/262144   ( 3.7%) 
LDR leaf ambient     13756/65536      385168/1835008  (21.0%) 
HDR leaf ambient      2443/65536       68404/1835008  ( 3.7%) 
occluders                0/0               0/0        ( 0.0%) 
occluder polygons        0/0               0/0        ( 0.0%) 
occluder vert ind        0/0               0/0        ( 0.0%) 
detail props          [variable]           1/12       ( 8.3%) 
static props          [variable]           1/7456     ( 0.0%) 
pakfile               [variable]      149448/0        ( 0.0%) 
physics               [variable]      255710/4194304  ( 6.1%) 
physics terrain       [variable]           2/1048576  ( 0.0%) 

Level flags = 4

Total triangle count: 10202
Writing e:\spill\cs-go-maps-git\de_steal\de_steal.bsp
1 minute, 19 seconds elapsed
